C:\Users\Wender\Desktop\pasta1\Controllers\TadsQrcodeController.cs
C:\Users\Wender\Desktop\pasta1\Models\TadsQrcode.cs
C:\Users\Wender\Desktop\pasta1\Views\Home\TadsQrcodeList.cshtml
C:\Users\Wender\Desktop\pasta1\Models\TadsQrcodeList.cs
C:\Users\Wender\Desktop\pasta1\Views\Home\TadsQrcodeAdd.cshtml
C:\Users\Wender\Desktop\pasta1\Models\TadsQrcodeAdd.cs
C:\Users\Wender\Desktop\pasta1\Views\Home\TadsQrcodeView.cshtml
C:\Users\Wender\Desktop\pasta1\Models\TadsQrcodeView.cs
C:\Users\Wender\Desktop\pasta1\Views\Home\TadsQrcodeEdit.cshtml
C:\Users\Wender\Desktop\pasta1\Models\TadsQrcodeEdit.cs
C:\Users\Wender\Desktop\pasta1\Views\Home\TadsQrcodeUpdate.cshtml
C:\Users\Wender\Desktop\pasta1\Models\TadsQrcodeUpdate.cs
C:\Users\Wender\Desktop\pasta1\Views\Home\TadsQrcodeDelete.cshtml
C:\Users\Wender\Desktop\pasta1\Models\TadsQrcodeDelete.cs
C:\Users\Wender\Desktop\pasta1\Views\Home\TadsQrcodeSearch.cshtml
C:\Users\Wender\Desktop\pasta1\Models\TadsQrcodeSearch.cs
C:\Users\Wender\Desktop\pasta1\wwwroot\package.json
C:\Users\Wender\Desktop\pasta1\Models\src\AbstractExport.cs
C:\Users\Wender\Desktop\pasta1\Models\src\AbstractExportBase.cs
C:\Users\Wender\Desktop\pasta1\Models\src\AbstractTwoFactorAuthentication.cs
C:\Users\Wender\Desktop\pasta1\Models\src\AdvancedFilter.cs
C:\Users\Wender\Desktop\pasta1\Models\src\AdvancedSearch.cs
C:\Users\Wender\Desktop\pasta1\Models\src\AdvancedSecurity.cs
C:\Users\Wender\Desktop\pasta1\Models\src\AdvancedSecurityBase.cs
C:\Users\Wender\Desktop\pasta1\Models\src\Aes.cs
C:\Users\Wender\Desktop\pasta1\Models\src\ApplicationRole.cs
C:\Users\Wender\Desktop\pasta1\Models\src\ApplicationUser.cs
C:\Users\Wender\Desktop\pasta1\Models\src\AspNetMakerPage.cs
C:\Users\Wender\Desktop\pasta1\Models\src\Attributes.cs
C:\Users\Wender\Desktop\pasta1\Models\src\AuthenticationProvider.cs
C:\Users\Wender\Desktop\pasta1\Models\src\AutofacModule.cs
C:\Users\Wender\Desktop\pasta1\Models\src\BasicSearch.cs
C:\Users\Wender\Desktop\pasta1\Models\src\Breadcrumb.cs
C:\Users\Wender\Desktop\pasta1\Models\src\BreadcrumbLink.cs
C:\Users\Wender\Desktop\pasta1\Models\src\CaptchaBase.cs
C:\Users\Wender\Desktop\pasta1\Models\src\ChartDataComparer.cs
C:\Users\Wender\Desktop\pasta1\Models\src\ChartExporter.cs
C:\Users\Wender\Desktop\pasta1\Models\src\ChartParameter.cs
C:\Users\Wender\Desktop\pasta1\Models\src\ChartTypes.cs
C:\Users\Wender\Desktop\pasta1\Models\src\CrosstabColumn.cs
C:\Users\Wender\Desktop\pasta1\Models\src\CrosstabTable.cs
C:\Users\Wender\Desktop\pasta1\Models\src\CssParser.cs
C:\Users\Wender\Desktop\pasta1\Models\src\CustomMySqlCompiler.cs
C:\Users\Wender\Desktop\pasta1\Models\src\CustomOracleCompiler.cs
C:\Users\Wender\Desktop\pasta1\Models\src\CustomPostgresCompiler.cs
C:\Users\Wender\Desktop\pasta1\Models\src\CustomQueryParameters.cs
C:\Users\Wender\Desktop\pasta1\Models\src\CustomRoleStore.cs
C:\Users\Wender\Desktop\pasta1\Models\src\CustomSqliteCompiler.cs
C:\Users\Wender\Desktop\pasta1\Models\src\CustomSqlServerCompiler.cs
C:\Users\Wender\Desktop\pasta1\Models\src\CustomUserStore.cs
C:\Users\Wender\Desktop\pasta1\Models\src\DatabaseConnection.cs
C:\Users\Wender\Desktop\pasta1\Models\src\DatabaseConnectionBase.cs
C:\Users\Wender\Desktop\pasta1\Models\src\DateTimeExtension.cs
C:\Users\Wender\Desktop\pasta1\Models\src\DbChart.cs
C:\Users\Wender\Desktop\pasta1\Models\src\DbField.cs
C:\Users\Wender\Desktop\pasta1\Models\src\DbFieldOfT.cs
C:\Users\Wender\Desktop\pasta1\Models\src\DbTable.cs
C:\Users\Wender\Desktop\pasta1\Models\src\DbTableBase.cs
C:\Users\Wender\Desktop\pasta1\Models\src\DotAccessData.cs
C:\Users\Wender\Desktop\pasta1\Models\src\Email.cs
C:\Users\Wender\Desktop\pasta1\Models\src\Enums.cs
C:\Users\Wender\Desktop\pasta1\Models\src\ExcelConfig.cs
C:\Users\Wender\Desktop\pasta1\Models\src\ExportCsv.cs
C:\Users\Wender\Desktop\pasta1\Models\src\ExportEmail.cs
C:\Users\Wender\Desktop\pasta1\Models\src\ExportExcel.cs
C:\Users\Wender\Desktop\pasta1\Models\src\ExportHandler.cs
C:\Users\Wender\Desktop\pasta1\Models\src\ExportHtml.cs
C:\Users\Wender\Desktop\pasta1\Models\src\ExportJson.cs
C:\Users\Wender\Desktop\pasta1\Models\src\ExportPdf.cs
C:\Users\Wender\Desktop\pasta1\Models\src\ExportWord.cs
C:\Users\Wender\Desktop\pasta1\Models\src\ExportXml.cs
C:\Users\Wender\Desktop\pasta1\Models\src\FileViewer.cs
C:\Users\Wender\Desktop\pasta1\Models\src\HtmlToText.cs
C:\Users\Wender\Desktop\pasta1\Models\src\HttpCookies.cs
C:\Users\Wender\Desktop\pasta1\Models\src\HttpDataDictionary.cs
C:\Users\Wender\Desktop\pasta1\Models\src\HttpForm.cs
C:\Users\Wender\Desktop\pasta1\Models\src\HttpSession.cs
C:\Users\Wender\Desktop\pasta1\Models\src\HttpUpload.cs
C:\Users\Wender\Desktop\pasta1\Models\src\IAspNetMakerPage.cs
C:\Users\Wender\Desktop\pasta1\Models\src\ICaptcha.cs
C:\Users\Wender\Desktop\pasta1\Models\src\IChartRenderer.cs
C:\Users\Wender\Desktop\pasta1\Models\src\ICustomCompiler.cs
C:\Users\Wender\Desktop\pasta1\Models\src\IHtmlValue.cs
C:\Users\Wender\Desktop\pasta1\Models\src\InsertGetId.cs
C:\Users\Wender\Desktop\pasta1\Models\src\IQueryFactory.cs
C:\Users\Wender\Desktop\pasta1\Models\src\ITwoFactorAuthentication.cs
C:\Users\Wender\Desktop\pasta1\Models\src\JsonBoolResult.cs
C:\Users\Wender\Desktop\pasta1\Models\src\Lang.cs
C:\Users\Wender\Desktop\pasta1\Models\src\ListAction.cs
C:\Users\Wender\Desktop\pasta1\Models\src\ListActions.cs
C:\Users\Wender\Desktop\pasta1\Models\src\ListOption.cs
C:\Users\Wender\Desktop\pasta1\Models\src\ListOptions.cs
C:\Users\Wender\Desktop\pasta1\Models\src\ListOptionsDictionary.cs
C:\Users\Wender\Desktop\pasta1\Models\src\LoginModel.cs
C:\Users\Wender\Desktop\pasta1\Models\src\Lookup.cs
C:\Users\Wender\Desktop\pasta1\Models\src\Menu.cs
C:\Users\Wender\Desktop\pasta1\Models\src\MenuBase.cs
C:\Users\Wender\Desktop\pasta1\Models\src\MenuItem.cs
C:\Users\Wender\Desktop\pasta1\Models\src\MobileDetect.cs
C:\Users\Wender\Desktop\pasta1\Models\src\NumericPager.cs
C:\Users\Wender\Desktop\pasta1\Models\src\OptionValues.cs
C:\Users\Wender\Desktop\pasta1\Models\src\Pager.cs
C:\Users\Wender\Desktop\pasta1\Models\src\PagerItem.cs
C:\Users\Wender\Desktop\pasta1\Models\src\PdfConfig.cs
C:\Users\Wender\Desktop\pasta1\Models\src\PermissionHandler.cs
C:\Users\Wender\Desktop\pasta1\Models\src\PermissionRequirement.cs
C:\Users\Wender\Desktop\pasta1\Models\src\PrevNextPager.cs
C:\Users\Wender\Desktop\pasta1\Models\src\ReportField.cs
C:\Users\Wender\Desktop\pasta1\Models\src\ReportFieldOfT.cs
C:\Users\Wender\Desktop\pasta1\Models\src\ReportTable.cs
C:\Users\Wender\Desktop\pasta1\Models\src\SessionHandler.cs
C:\Users\Wender\Desktop\pasta1\Models\src\Sms.cs
C:\Users\Wender\Desktop\pasta1\Models\src\StringExtension.cs
C:\Users\Wender\Desktop\pasta1\Models\src\SubPage.cs
C:\Users\Wender\Desktop\pasta1\Models\src\SubPages.cs
C:\Users\Wender\Desktop\pasta1\Models\src\SummaryField.cs
C:\Users\Wender\Desktop\pasta1\Models\src\UploadHandler.cs
C:\Users\Wender\Desktop\pasta1\Models\src\UserLevel.cs
C:\Users\Wender\Desktop\pasta1\Models\src\UserLevelPermission.cs
C:\Users\Wender\Desktop\pasta1\Models\src\UserLevelTablePermission.cs
C:\Users\Wender\Desktop\pasta1\Models\src\UserProfile.cs
C:\Users\Wender\Desktop\pasta1\Models\src\WordConfig.cs
C:\Users\Wender\Desktop\pasta1\Models\src\XmlDoc.cs
C:\Users\Wender\Desktop\pasta1\wwwroot\css\TADS_QRCODE_02.scss
C:\Users\Wender\Desktop\pasta1\wwwroot\css\tabulator_bootstrap5.scss
C:\Users\Wender\Desktop\pasta1\wwwroot\swagger\index.html
C:\Users\Wender\Desktop\pasta1\Views\Home\Swagger.cshtml
C:\Users\Wender\Desktop\pasta1\Models\GlobalUsings.cs
C:\Users\Wender\Desktop\pasta1\Models\userfn.cs
C:\Users\Wender\Desktop\pasta1\Models\userlevelsettings.cs
C:\Users\Wender\Desktop\pasta1\Views\Shared\_Layout.cshtml
C:\Users\Wender\Desktop\pasta1\Views\Shared\menu.cshtml
C:\Users\Wender\Desktop\pasta1\Models\Config.cs
C:\Users\Wender\Desktop\pasta1\Models\aspnetfn.cs
C:\Users\Wender\Desktop\pasta1\wwwroot\js\userfn.js
C:\Users\Wender\Desktop\pasta1\wwwroot\js\userevent.js
C:\Users\Wender\Desktop\pasta1\Views\Shared\email.cshtml
C:\Users\Wender\Desktop\pasta1\Views\Home\index.cshtml
C:\Users\Wender\Desktop\pasta1\Models\index.cs
C:\Users\Wender\Desktop\pasta1\Controllers\ewcontroller.cs
C:\Users\Wender\Desktop\pasta1\Controllers\apicontroller.cs
C:\Users\Wender\Desktop\pasta1\Views\Shared\Error.cshtml
C:\Users\Wender\Desktop\pasta1\Models\Error.cs
C:\Users\Wender\Desktop\pasta1\appsettings.json
C:\Users\Wender\Desktop\pasta1\appsettings.Development.json
C:\Users\Wender\Desktop\pasta1\Program.cs
C:\Users\Wender\Desktop\pasta1\Properties\launchSettings.json
C:\Users\Wender\Desktop\pasta1\Views\_ViewImports.cshtml
C:\Users\Wender\Desktop\pasta1\Views\_ViewStart.cshtml
C:\Users\Wender\Desktop\pasta1\web.config
C:\Users\Wender\Desktop\pasta1\TADS_QRCODE_02.csproj
C:\Users\Wender\Desktop\pasta1\wwwroot\js\eweditor.js
C:\Users\Wender\Desktop\pasta1\Models\src\ChartJsRenderer.cs
C:\Users\Wender\Desktop\pasta1\Models\src\PdfConfig.cs
C:\Users\Wender\Desktop\pasta1\Models\src\ExportPdf.cs
C:\Users\Wender\Desktop\pasta1\wwwroot\css\ewpdf.scss
C:\Users\Wender\Desktop\pasta1\Models\src\HtmlToPdfBuilder.cs