2023-12-04T08:42:34.8894236-03:00  [DBG] Hosting starting (32b26330)
2023-12-04T08:42:35.3755791-03:00  [INF] Application started. Press Ctrl+C to shut down. (dcaefe54)
2023-12-04T08:42:35.4017544-03:00  [INF] Hosting environment: "Development" (c3307c92)
2023-12-04T08:42:35.4106981-03:00  [INF] Content root path: "C:\Users\Wender\Desktop\pasta1\" (b5d60022)
2023-12-04T08:42:35.4169130-03:00  [DBG] Hosting started (e6def423)
2023-12-04T08:42:35.8226704-03:00 8000000c-0002-fb00-b63f-84710c7967bb [INF] Checking for conditional GET/HEAD. (7e2efcb6)
2023-12-04T08:42:35.8412278-03:00 8000000c-0002-fb00-b63f-84710c7967bb [INF] Not valid - no If-None-Match or If-Modified-Since headers. (00e43d04)
2023-12-04T08:42:35.8487584-03:00 8000000c-0002-fb00-b63f-84710c7967bb [INF] Don't generate 304 - Not Modified.  Continue. (b6a7d473)
2023-12-04T08:42:35.8652459-03:00 8000000c-0002-fb00-b63f-84710c7967bb [INF] Checking for conditional PUT/PATCH. (bf3cf9be)
2023-12-04T08:42:35.8703599-03:00 8000000c-0002-fb00-b63f-84710c7967bb [INF] Not valid - method isn't PUT or PATCH. (671cb4f2)
2023-12-04T08:42:35.8744952-03:00 8000000c-0002-fb00-b63f-84710c7967bb [INF] Don't generate 412 - Precondition Failed.  Continue. (08bc4a18)
2023-12-04T08:42:37.7120860-03:00 8000000c-0002-fb00-b63f-84710c7967bb [INF] Generating expiration headers. (97875003)
2023-12-04T08:42:37.7170078-03:00 8000000c-0002-fb00-b63f-84710c7967bb [INF] Expiration headers generated. Expires: Mon, 04 Dec 2023 11:42:37 GMT. Cache-Control: private,max-age=0,no-store,no-cache,must-revalidate. (126791a3)
2023-12-04T08:42:37.7353017-03:00 8000000c-0002-fb00-b63f-84710c7967bb [INF] Not generating Validation headers as the response status code does not indicate success. (2130aaa7)
2023-12-04T08:42:37.7410830-03:00 8000000c-0002-fb00-b63f-84710c7967bb [INF] Generating Vary header. (c1174e38)
2023-12-04T08:42:37.7465253-03:00 8000000c-0002-fb00-b63f-84710c7967bb [INF] Vary header generated: Accept, Accept-Language, Accept-Encoding. (e081213a)
2023-12-04T08:42:37.9665827-03:00 8000000d-0002-fb00-b63f-84710c7967bb [INF] Checking for conditional GET/HEAD. (7e2efcb6)
2023-12-04T08:42:37.9729965-03:00 8000000d-0002-fb00-b63f-84710c7967bb [INF] Not valid - no If-None-Match or If-Modified-Since headers. (00e43d04)
2023-12-04T08:42:37.9803721-03:00 8000000d-0002-fb00-b63f-84710c7967bb [INF] Don't generate 304 - Not Modified.  Continue. (b6a7d473)
2023-12-04T08:42:37.9870345-03:00 8000000d-0002-fb00-b63f-84710c7967bb [INF] Checking for conditional PUT/PATCH. (bf3cf9be)
2023-12-04T08:42:38.0006266-03:00 8000000d-0002-fb00-b63f-84710c7967bb [INF] Not valid - method isn't PUT or PATCH. (671cb4f2)
2023-12-04T08:42:38.0088155-03:00 8000000d-0002-fb00-b63f-84710c7967bb [INF] Don't generate 412 - Precondition Failed.  Continue. (08bc4a18)
2023-12-04T08:43:23.2228639-03:00 8000000d-0002-fb00-b63f-84710c7967bb [INF] Generating expiration headers. (97875003)
2023-12-04T08:43:23.2280071-03:00 8000000d-0002-fb00-b63f-84710c7967bb [INF] Expiration headers generated. Expires: Mon, 04 Dec 2023 11:43:23 GMT. Cache-Control: private,max-age=0,no-store,no-cache,must-revalidate. (1815715b)
2023-12-04T08:43:23.2313584-03:00 8000000d-0002-fb00-b63f-84710c7967bb [INF] Generating Validation headers. (20c08f55)
2023-12-04T08:43:23.2496394-03:00 8000000d-0002-fb00-b63f-84710c7967bb [INF] Validation headers generated. ETag: Strong, "900512A60D68EAC0C327884F1F7B8455". Last-Modified: Mon, 04 Dec 2023 11:43:23 GMT (fda67477)
2023-12-04T08:43:23.2530187-03:00 8000000d-0002-fb00-b63f-84710c7967bb [INF] Generating Vary header. (c1174e38)
2023-12-04T08:43:23.2557485-03:00 8000000d-0002-fb00-b63f-84710c7967bb [INF] Vary header generated: Accept, Accept-Language, Accept-Encoding. (e081213a)
2023-12-04T08:44:04.9697902-03:00 8000001b-0002-f600-b63f-84710c7967bb [INF] Checking for conditional GET/HEAD. (7e2efcb6)
2023-12-04T08:44:04.9748663-03:00 8000001b-0002-f600-b63f-84710c7967bb [INF] Not valid - no If-None-Match or If-Modified-Since headers. (00e43d04)
2023-12-04T08:44:04.9808720-03:00 8000001b-0002-f600-b63f-84710c7967bb [INF] Don't generate 304 - Not Modified.  Continue. (b6a7d473)
2023-12-04T08:44:04.9903371-03:00 8000001b-0002-f600-b63f-84710c7967bb [INF] Checking for conditional PUT/PATCH. (bf3cf9be)
2023-12-04T08:44:04.9950719-03:00 8000001b-0002-f600-b63f-84710c7967bb [INF] Not valid - method isn't PUT or PATCH. (671cb4f2)
2023-12-04T08:44:05.0001167-03:00 8000001b-0002-f600-b63f-84710c7967bb [INF] Don't generate 412 - Precondition Failed.  Continue. (08bc4a18)
2023-12-04T08:44:06.7247893-03:00 8000001b-0002-f600-b63f-84710c7967bb [INF] Generating expiration headers. (97875003)
2023-12-04T08:44:06.7295344-03:00 8000001b-0002-f600-b63f-84710c7967bb [INF] Expiration headers generated. Expires: Mon, 04 Dec 2023 11:44:06 GMT. Cache-Control: private,max-age=0,no-store,no-cache,must-revalidate. (0577608f)
2023-12-04T08:44:06.7338867-03:00 8000001b-0002-f600-b63f-84710c7967bb [INF] Generating Validation headers. (20c08f55)
2023-12-04T08:44:06.7391776-03:00 8000001b-0002-f600-b63f-84710c7967bb [INF] Validation headers generated. ETag: Strong, "58CA0CE3E09F82716751C29B0B85D360". Last-Modified: Mon, 04 Dec 2023 11:44:06 GMT (d729a071)
2023-12-04T08:44:06.7431087-03:00 8000001b-0002-f600-b63f-84710c7967bb [INF] Generating Vary header. (c1174e38)
2023-12-04T08:44:06.7480300-03:00 8000001b-0002-f600-b63f-84710c7967bb [INF] Vary header generated: Accept, Accept-Language, Accept-Encoding. (e081213a)
2023-12-04T08:44:23.6547932-03:00 8000001c-0002-f600-b63f-84710c7967bb [INF] Checking for conditional GET/HEAD. (7e2efcb6)
2023-12-04T08:44:23.6589339-03:00 8000001c-0002-f600-b63f-84710c7967bb [INF] Not valid - no If-None-Match or If-Modified-Since headers. (00e43d04)
2023-12-04T08:44:23.6656110-03:00 8000001c-0002-f600-b63f-84710c7967bb [INF] Don't generate 304 - Not Modified.  Continue. (b6a7d473)
2023-12-04T08:44:23.6713397-03:00 8000001c-0002-f600-b63f-84710c7967bb [INF] Checking for conditional PUT/PATCH. (bf3cf9be)
2023-12-04T08:44:23.6765074-03:00 8000001c-0002-f600-b63f-84710c7967bb [INF] Not valid - method isn't PUT or PATCH. (671cb4f2)
2023-12-04T08:44:23.6815932-03:00 8000001c-0002-f600-b63f-84710c7967bb [INF] Don't generate 412 - Precondition Failed.  Continue. (08bc4a18)
2023-12-04T08:44:28.8802147-03:00 8000001c-0002-f600-b63f-84710c7967bb [INF] Generating expiration headers. (97875003)
2023-12-04T08:44:28.8859573-03:00 8000001c-0002-f600-b63f-84710c7967bb [INF] Expiration headers generated. Expires: Mon, 04 Dec 2023 11:44:28 GMT. Cache-Control: private,max-age=0,no-store,no-cache,must-revalidate. (adca0303)
2023-12-04T08:44:28.8907777-03:00 8000001c-0002-f600-b63f-84710c7967bb [INF] Generating Validation headers. (20c08f55)
2023-12-04T08:44:28.8959285-03:00 8000001c-0002-f600-b63f-84710c7967bb [INF] Validation headers generated. ETag: Strong, "2E2D98A469A84FA0E24E563D130758CC". Last-Modified: Mon, 04 Dec 2023 11:44:28 GMT (5346ea1d)
2023-12-04T08:44:28.9026479-03:00 8000001c-0002-f600-b63f-84710c7967bb [INF] Generating Vary header. (c1174e38)
2023-12-04T08:44:28.9091073-03:00 8000001c-0002-f600-b63f-84710c7967bb [INF] Vary header generated: Accept, Accept-Language, Accept-Encoding. (e081213a)
2023-12-04T08:44:29.1161076-03:00 8000001d-0002-f600-b63f-84710c7967bb [INF] Checking for conditional GET/HEAD. (7e2efcb6)
2023-12-04T08:44:29.1314141-03:00 8000001d-0002-f600-b63f-84710c7967bb [INF] Not valid - no If-None-Match or If-Modified-Since headers. (00e43d04)
2023-12-04T08:44:29.1477040-03:00 8000001d-0002-f600-b63f-84710c7967bb [INF] Don't generate 304 - Not Modified.  Continue. (b6a7d473)
2023-12-04T08:44:29.1648079-03:00 8000001d-0002-f600-b63f-84710c7967bb [INF] Checking for conditional PUT/PATCH. (bf3cf9be)
2023-12-04T08:44:29.1823076-03:00 8000001d-0002-f600-b63f-84710c7967bb [INF] Not valid - method isn't PUT or PATCH. (671cb4f2)
2023-12-04T08:44:29.1959231-03:00 8000001d-0002-f600-b63f-84710c7967bb [INF] Don't generate 412 - Precondition Failed.  Continue. (08bc4a18)
2023-12-04T08:44:29.3617565-03:00 8000001d-0002-f600-b63f-84710c7967bb [INF] Generating expiration headers. (97875003)
2023-12-04T08:44:29.3665856-03:00 8000001d-0002-f600-b63f-84710c7967bb [INF] Expiration headers generated. Expires: Mon, 04 Dec 2023 11:44:29 GMT. Cache-Control: private,max-age=0,no-store,no-cache,must-revalidate. (d0cb7a0b)
2023-12-04T08:44:29.3712640-03:00 8000001d-0002-f600-b63f-84710c7967bb [INF] Generating Validation headers. (20c08f55)
2023-12-04T08:44:29.3761076-03:00 8000001d-0002-f600-b63f-84710c7967bb [INF] Validation headers generated. ETag: Strong, "CE6B5CE2D1A7BD071F5ECAF31CAB39C7". Last-Modified: Mon, 04 Dec 2023 11:44:29 GMT (82ca3b95)
2023-12-04T08:44:29.3815674-03:00 8000001d-0002-f600-b63f-84710c7967bb [INF] Generating Vary header. (c1174e38)
2023-12-04T08:44:29.3873760-03:00 8000001d-0002-f600-b63f-84710c7967bb [INF] Vary header generated: Accept, Accept-Language, Accept-Encoding. (e081213a)
2023-12-04T08:44:36.6339302-03:00 8000001e-0002-f600-b63f-84710c7967bb [INF] Checking for conditional GET/HEAD. (7e2efcb6)
2023-12-04T08:44:36.6405564-03:00 8000001e-0002-f600-b63f-84710c7967bb [INF] Not valid - method isn't GET or HEAD. (0be1d475)
2023-12-04T08:44:36.6463418-03:00 8000001e-0002-f600-b63f-84710c7967bb [INF] Don't generate 304 - Not Modified.  Continue. (b6a7d473)
2023-12-04T08:44:36.6518567-03:00 8000001e-0002-f600-b63f-84710c7967bb [INF] Checking for conditional PUT/PATCH. (bf3cf9be)
2023-12-04T08:44:36.6575602-03:00 8000001e-0002-f600-b63f-84710c7967bb [INF] Not valid - method isn't PUT or PATCH. (671cb4f2)
2023-12-04T08:44:36.6633675-03:00 8000001e-0002-f600-b63f-84710c7967bb [INF] Don't generate 412 - Precondition Failed.  Continue. (08bc4a18)
2023-12-04T08:44:36.8179080-03:00 8000001e-0002-f600-b63f-84710c7967bb [INF] Generating expiration headers. (97875003)
2023-12-04T08:44:36.8230908-03:00 8000001e-0002-f600-b63f-84710c7967bb [INF] Expiration headers generated. Expires: Mon, 04 Dec 2023 11:44:36 GMT. Cache-Control: private,max-age=0,no-store,no-cache,must-revalidate. (bcc2ffd1)
2023-12-04T08:44:36.8326494-03:00 8000001e-0002-f600-b63f-84710c7967bb [INF] Generating Validation headers. (20c08f55)
2023-12-04T08:44:36.8384528-03:00 8000001e-0002-f600-b63f-84710c7967bb [INF] Validation headers generated. ETag: Strong, "4F224A394787E22819417B0498B8AA6E". Last-Modified: Mon, 04 Dec 2023 11:44:36 GMT (11f15a15)
2023-12-04T08:44:36.8428352-03:00 8000001e-0002-f600-b63f-84710c7967bb [INF] Generating Vary header. (c1174e38)
2023-12-04T08:44:36.8473777-03:00 8000001e-0002-f600-b63f-84710c7967bb [INF] Vary header generated: Accept, Accept-Language, Accept-Encoding. (e081213a)
2023-12-04T08:44:36.9908125-03:00 8000001f-0002-f600-b63f-84710c7967bb [INF] Checking for conditional GET/HEAD. (7e2efcb6)
2023-12-04T08:44:36.9972912-03:00 8000001f-0002-f600-b63f-84710c7967bb [INF] Not valid - no If-None-Match or If-Modified-Since headers. (00e43d04)
2023-12-04T08:44:37.0031010-03:00 8000001f-0002-f600-b63f-84710c7967bb [INF] Don't generate 304 - Not Modified.  Continue. (b6a7d473)
2023-12-04T08:44:37.0085374-03:00 8000001f-0002-f600-b63f-84710c7967bb [INF] Checking for conditional PUT/PATCH. (bf3cf9be)
2023-12-04T08:44:37.0214831-03:00 8000001f-0002-f600-b63f-84710c7967bb [INF] Not valid - method isn't PUT or PATCH. (671cb4f2)
2023-12-04T08:44:37.0323090-03:00 8000001f-0002-f600-b63f-84710c7967bb [INF] Don't generate 412 - Precondition Failed.  Continue. (08bc4a18)
2023-12-04T08:44:37.0471496-03:00 8000001f-0002-f600-b63f-84710c7967bb [INF] Generating expiration headers. (97875003)
2023-12-04T08:44:37.0517618-03:00 8000001f-0002-f600-b63f-84710c7967bb [INF] Expiration headers generated. Expires: Mon, 04 Dec 2023 11:44:37 GMT. Cache-Control: private,max-age=0,no-store,no-cache,must-revalidate. (b8baf1a3)
2023-12-04T08:44:37.0564990-03:00 8000001f-0002-f600-b63f-84710c7967bb [INF] Generating Validation headers. (20c08f55)
2023-12-04T08:44:37.0615942-03:00 8000001f-0002-f600-b63f-84710c7967bb [INF] Validation headers generated. ETag: Strong, "CE6B5CE2D1A7BD071F5ECAF31CAB39C7". Last-Modified: Mon, 04 Dec 2023 11:44:37 GMT (5bdba225)
2023-12-04T08:44:37.0660154-03:00 8000001f-0002-f600-b63f-84710c7967bb [INF] Generating Vary header. (c1174e38)
2023-12-04T08:44:37.0707220-03:00 8000001f-0002-f600-b63f-84710c7967bb [INF] Vary header generated: Accept, Accept-Language, Accept-Encoding. (e081213a)
2023-12-04T08:44:41.3312980-03:00 80000020-0002-f600-b63f-84710c7967bb [INF] Checking for conditional GET/HEAD. (7e2efcb6)
2023-12-04T08:44:41.3367214-03:00 80000020-0002-f600-b63f-84710c7967bb [INF] Not valid - method isn't GET or HEAD. (0be1d475)
2023-12-04T08:44:41.3429218-03:00 80000020-0002-f600-b63f-84710c7967bb [INF] Don't generate 304 - Not Modified.  Continue. (b6a7d473)
2023-12-04T08:44:41.3474662-03:00 80000020-0002-f600-b63f-84710c7967bb [INF] Checking for conditional PUT/PATCH. (bf3cf9be)
2023-12-04T08:44:41.3528150-03:00 80000020-0002-f600-b63f-84710c7967bb [INF] Not valid - method isn't PUT or PATCH. (671cb4f2)
2023-12-04T08:44:41.3571990-03:00 80000020-0002-f600-b63f-84710c7967bb [INF] Don't generate 412 - Precondition Failed.  Continue. (08bc4a18)
2023-12-04T08:44:41.5766457-03:00 80000020-0002-f600-b63f-84710c7967bb [DBG] UPDATE [dbo].[TADS_QRCODE] SET [COD] = 'CMD0001', [DES] = 'SKU: 30140470791002', [CMD] = 'UP - Cond Hamb', [FRM] = 'Lote: 27G1000973LL', [LBL] = 'Lote: 27G1000973', [COR] = 'Ordem de Produção', [ETAPA] = '7', [QRCODE2] = NULL WHERE [ID] = 1 AND [ID] = 1 (9644eae9)
2023-12-04T08:44:41.9889893-03:00 80000020-0002-f600-b63f-84710c7967bb [INF] Generating expiration headers. (97875003)
2023-12-04T08:44:41.9930442-03:00 80000020-0002-f600-b63f-84710c7967bb [INF] Expiration headers generated. Expires: Mon, 04 Dec 2023 11:44:41 GMT. Cache-Control: private,max-age=0,no-store,no-cache,must-revalidate. (68cf1d50)
2023-12-04T08:44:41.9975655-03:00 80000020-0002-f600-b63f-84710c7967bb [INF] Generating Validation headers. (20c08f55)
2023-12-04T08:44:42.0022710-03:00 80000020-0002-f600-b63f-84710c7967bb [INF] Validation headers generated. ETag: Strong, "E89838CC51D0133CBB4F519605C3CA7E". Last-Modified: Mon, 04 Dec 2023 11:44:41 GMT (c8ad00b4)
2023-12-04T08:44:42.0066199-03:00 80000020-0002-f600-b63f-84710c7967bb [INF] Generating Vary header. (c1174e38)
2023-12-04T08:44:42.0111727-03:00 80000020-0002-f600-b63f-84710c7967bb [INF] Vary header generated: Accept, Accept-Language, Accept-Encoding. (e081213a)
2023-12-04T08:44:42.0693660-03:00 80000021-0002-f600-b63f-84710c7967bb [INF] Checking for conditional GET/HEAD. (7e2efcb6)
2023-12-04T08:44:42.0862365-03:00 80000021-0002-f600-b63f-84710c7967bb [INF] Not valid - no If-None-Match or If-Modified-Since headers. (00e43d04)
2023-12-04T08:44:42.1077293-03:00 80000021-0002-f600-b63f-84710c7967bb [INF] Don't generate 304 - Not Modified.  Continue. (b6a7d473)
2023-12-04T08:44:42.1149005-03:00 80000021-0002-f600-b63f-84710c7967bb [INF] Checking for conditional PUT/PATCH. (bf3cf9be)
2023-12-04T08:44:42.1221461-03:00 80000021-0002-f600-b63f-84710c7967bb [INF] Not valid - method isn't PUT or PATCH. (671cb4f2)
2023-12-04T08:44:42.1310307-03:00 80000021-0002-f600-b63f-84710c7967bb [INF] Don't generate 412 - Precondition Failed.  Continue. (08bc4a18)
2023-12-04T08:44:43.3412145-03:00 80000021-0002-f600-b63f-84710c7967bb [INF] Generating expiration headers. (97875003)
2023-12-04T08:44:43.3451297-03:00 80000021-0002-f600-b63f-84710c7967bb [INF] Expiration headers generated. Expires: Mon, 04 Dec 2023 11:44:43 GMT. Cache-Control: private,max-age=0,no-store,no-cache,must-revalidate. (f7d64f80)
2023-12-04T08:44:43.3491600-03:00 80000021-0002-f600-b63f-84710c7967bb [INF] Generating Validation headers. (20c08f55)
2023-12-04T08:44:43.3598568-03:00 80000021-0002-f600-b63f-84710c7967bb [INF] Validation headers generated. ETag: Strong, "991C5509DEC60C699D3718657C66BD27". Last-Modified: Mon, 04 Dec 2023 11:44:43 GMT (5eba8909)
2023-12-04T08:44:43.3646356-03:00 80000021-0002-f600-b63f-84710c7967bb [INF] Generating Vary header. (c1174e38)
2023-12-04T08:44:43.3692774-03:00 80000021-0002-f600-b63f-84710c7967bb [INF] Vary header generated: Accept, Accept-Language, Accept-Encoding. (e081213a)
2023-12-04T08:44:59.2791809-03:00 80000022-0002-f600-b63f-84710c7967bb [INF] Checking for conditional GET/HEAD. (7e2efcb6)
2023-12-04T08:44:59.2843493-03:00 80000022-0002-f600-b63f-84710c7967bb [INF] Not valid - no If-None-Match or If-Modified-Since headers. (00e43d04)
2023-12-04T08:44:59.2904514-03:00 80000022-0002-f600-b63f-84710c7967bb [INF] Don't generate 304 - Not Modified.  Continue. (b6a7d473)
2023-12-04T08:44:59.2953623-03:00 80000022-0002-f600-b63f-84710c7967bb [INF] Checking for conditional PUT/PATCH. (bf3cf9be)
2023-12-04T08:44:59.2996136-03:00 80000022-0002-f600-b63f-84710c7967bb [INF] Not valid - method isn't PUT or PATCH. (671cb4f2)
2023-12-04T08:44:59.3045698-03:00 80000022-0002-f600-b63f-84710c7967bb [INF] Don't generate 412 - Precondition Failed.  Continue. (08bc4a18)
2023-12-04T08:45:00.9361302-03:00 80000022-0002-f600-b63f-84710c7967bb [INF] Generating expiration headers. (97875003)
2023-12-04T08:45:00.9403855-03:00 80000022-0002-f600-b63f-84710c7967bb [INF] Expiration headers generated. Expires: Mon, 04 Dec 2023 11:45:00 GMT. Cache-Control: private,max-age=0,no-store,no-cache,must-revalidate. (6de7467e)
2023-12-04T08:45:00.9443841-03:00 80000022-0002-f600-b63f-84710c7967bb [INF] Generating Validation headers. (20c08f55)
2023-12-04T08:45:00.9492927-03:00 80000022-0002-f600-b63f-84710c7967bb [INF] Validation headers generated. ETag: Strong, "5E839EE42E354B0FB49C850560E27058". Last-Modified: Mon, 04 Dec 2023 11:45:00 GMT (c6add6c9)
2023-12-04T08:45:00.9544516-03:00 80000022-0002-f600-b63f-84710c7967bb [INF] Generating Vary header. (c1174e38)
2023-12-04T08:45:00.9589557-03:00 80000022-0002-f600-b63f-84710c7967bb [INF] Vary header generated: Accept, Accept-Language, Accept-Encoding. (e081213a)
2023-12-04T08:45:25.4435751-03:00 80000023-0002-f600-b63f-84710c7967bb [INF] Checking for conditional GET/HEAD. (7e2efcb6)
2023-12-04T08:45:25.4506616-03:00 80000023-0002-f600-b63f-84710c7967bb [INF] Not valid - method isn't GET or HEAD. (0be1d475)
2023-12-04T08:45:25.4555892-03:00 80000023-0002-f600-b63f-84710c7967bb [INF] Don't generate 304 - Not Modified.  Continue. (b6a7d473)
2023-12-04T08:45:25.4621042-03:00 80000023-0002-f600-b63f-84710c7967bb [INF] Checking for conditional PUT/PATCH. (bf3cf9be)
2023-12-04T08:45:25.4669996-03:00 80000023-0002-f600-b63f-84710c7967bb [INF] Not valid - method isn't PUT or PATCH. (671cb4f2)
2023-12-04T08:45:25.4718920-03:00 80000023-0002-f600-b63f-84710c7967bb [INF] Don't generate 412 - Precondition Failed.  Continue. (08bc4a18)
2023-12-04T08:45:27.1010748-03:00 80000023-0002-f600-b63f-84710c7967bb [INF] Generating expiration headers. (97875003)
2023-12-04T08:45:27.1097865-03:00 80000023-0002-f600-b63f-84710c7967bb [INF] Expiration headers generated. Expires: Mon, 04 Dec 2023 11:45:27 GMT. Cache-Control: private,max-age=0,no-store,no-cache,must-revalidate. (e4999da7)
2023-12-04T08:45:27.1176738-03:00 80000023-0002-f600-b63f-84710c7967bb [INF] Generating Validation headers. (20c08f55)
2023-12-04T08:45:27.1262961-03:00 80000023-0002-f600-b63f-84710c7967bb [INF] Validation headers generated. ETag: Strong, "E3035F50131D3E06947CC022B0EFCFA6". Last-Modified: Mon, 04 Dec 2023 11:45:27 GMT (4fad7d96)
2023-12-04T08:45:27.1333139-03:00 80000023-0002-f600-b63f-84710c7967bb [INF] Generating Vary header. (c1174e38)
2023-12-04T08:45:27.1424855-03:00 80000023-0002-f600-b63f-84710c7967bb [INF] Vary header generated: Accept, Accept-Language, Accept-Encoding. (e081213a)
2023-12-04T08:45:27.2616409-03:00 80000024-0002-f600-b63f-84710c7967bb [INF] Checking for conditional GET/HEAD. (7e2efcb6)
2023-12-04T08:45:27.2861011-03:00 80000024-0002-f600-b63f-84710c7967bb [INF] Not valid - no If-None-Match or If-Modified-Since headers. (00e43d04)
2023-12-04T08:45:27.2950385-03:00 80000024-0002-f600-b63f-84710c7967bb [INF] Don't generate 304 - Not Modified.  Continue. (b6a7d473)
2023-12-04T08:45:27.3046399-03:00 80000024-0002-f600-b63f-84710c7967bb [INF] Checking for conditional PUT/PATCH. (bf3cf9be)
2023-12-04T08:45:27.3249314-03:00 80000024-0002-f600-b63f-84710c7967bb [INF] Not valid - method isn't PUT or PATCH. (671cb4f2)
2023-12-04T08:45:27.3330927-03:00 80000024-0002-f600-b63f-84710c7967bb [INF] Don't generate 412 - Precondition Failed.  Continue. (08bc4a18)
2023-12-04T08:45:27.4981573-03:00 80000024-0002-f600-b63f-84710c7967bb [INF] Generating expiration headers. (97875003)
2023-12-04T08:45:27.5114189-03:00 80000024-0002-f600-b63f-84710c7967bb [INF] Expiration headers generated. Expires: Mon, 04 Dec 2023 11:45:27 GMT. Cache-Control: private,max-age=0,no-store,no-cache,must-revalidate. (e4999da7)
2023-12-04T08:45:27.5176057-03:00 80000024-0002-f600-b63f-84710c7967bb [INF] Generating Validation headers. (20c08f55)
2023-12-04T08:45:27.5267651-03:00 80000024-0002-f600-b63f-84710c7967bb [INF] Validation headers generated. ETag: Strong, "978B6E406C855B033F8F5CDA59EA650F". Last-Modified: Mon, 04 Dec 2023 11:45:27 GMT (72f30fba)
2023-12-04T08:45:27.6228859-03:00 80000024-0002-f600-b63f-84710c7967bb [INF] Generating Vary header. (c1174e38)
2023-12-04T08:45:27.6377307-03:00 80000024-0002-f600-b63f-84710c7967bb [INF] Vary header generated: Accept, Accept-Language, Accept-Encoding. (e081213a)
2023-12-04T08:45:29.4336097-03:00 80000025-0002-f600-b63f-84710c7967bb [INF] Checking for conditional GET/HEAD. (7e2efcb6)
2023-12-04T08:45:29.4400585-03:00 80000025-0002-f600-b63f-84710c7967bb [INF] Not valid - method isn't GET or HEAD. (0be1d475)
2023-12-04T08:45:29.4454907-03:00 80000025-0002-f600-b63f-84710c7967bb [INF] Don't generate 304 - Not Modified.  Continue. (b6a7d473)
2023-12-04T08:45:29.4496040-03:00 80000025-0002-f600-b63f-84710c7967bb [INF] Checking for conditional PUT/PATCH. (bf3cf9be)
2023-12-04T08:45:29.4565588-03:00 80000025-0002-f600-b63f-84710c7967bb [INF] Not valid - method isn't PUT or PATCH. (671cb4f2)
2023-12-04T08:45:29.4621773-03:00 80000025-0002-f600-b63f-84710c7967bb [INF] Don't generate 412 - Precondition Failed.  Continue. (08bc4a18)
2023-12-04T08:45:29.6480781-03:00 80000025-0002-f600-b63f-84710c7967bb [INF] Generating expiration headers. (97875003)
2023-12-04T08:45:29.6544366-03:00 80000025-0002-f600-b63f-84710c7967bb [INF] Expiration headers generated. Expires: Mon, 04 Dec 2023 11:45:29 GMT. Cache-Control: private,max-age=0,no-store,no-cache,must-revalidate. (3e87698c)
2023-12-04T08:45:29.6615355-03:00 80000025-0002-f600-b63f-84710c7967bb [INF] Generating Validation headers. (20c08f55)
2023-12-04T08:45:29.6673552-03:00 80000025-0002-f600-b63f-84710c7967bb [INF] Validation headers generated. ETag: Strong, "CFAE3EA0ABCA36E16AF5F6B2B32BD589". Last-Modified: Mon, 04 Dec 2023 11:45:29 GMT (ace80d80)
2023-12-04T08:45:29.6738840-03:00 80000025-0002-f600-b63f-84710c7967bb [INF] Generating Vary header. (c1174e38)
2023-12-04T08:45:29.6800918-03:00 80000025-0002-f600-b63f-84710c7967bb [INF] Vary header generated: Accept, Accept-Language, Accept-Encoding. (e081213a)
2023-12-04T08:45:29.8146975-03:00 80000026-0002-f600-b63f-84710c7967bb [INF] Checking for conditional GET/HEAD. (7e2efcb6)
2023-12-04T08:45:29.8346779-03:00 80000026-0002-f600-b63f-84710c7967bb [INF] Not valid - no If-None-Match or If-Modified-Since headers. (00e43d04)
2023-12-04T08:45:29.8447846-03:00 80000026-0002-f600-b63f-84710c7967bb [INF] Don't generate 304 - Not Modified.  Continue. (b6a7d473)
2023-12-04T08:45:29.8591316-03:00 80000026-0002-f600-b63f-84710c7967bb [INF] Checking for conditional PUT/PATCH. (bf3cf9be)
2023-12-04T08:45:29.8666718-03:00 80000026-0002-f600-b63f-84710c7967bb [INF] Not valid - method isn't PUT or PATCH. (671cb4f2)
2023-12-04T08:45:29.8745028-03:00 80000026-0002-f600-b63f-84710c7967bb [INF] Don't generate 412 - Precondition Failed.  Continue. (08bc4a18)
2023-12-04T08:45:29.8944106-03:00 80000026-0002-f600-b63f-84710c7967bb [INF] Generating expiration headers. (97875003)
2023-12-04T08:45:29.9001843-03:00 80000026-0002-f600-b63f-84710c7967bb [INF] Expiration headers generated. Expires: Mon, 04 Dec 2023 11:45:29 GMT. Cache-Control: private,max-age=0,no-store,no-cache,must-revalidate. (3e87698c)
2023-12-04T08:45:29.9061322-03:00 80000026-0002-f600-b63f-84710c7967bb [INF] Generating Validation headers. (20c08f55)
2023-12-04T08:45:29.9105788-03:00 80000026-0002-f600-b63f-84710c7967bb [INF] Validation headers generated. ETag: Strong, "A9A05ADDC931F4EB2619F81747BDFFCC". Last-Modified: Mon, 04 Dec 2023 11:45:29 GMT (7cf71eda)
2023-12-04T08:45:29.9151309-03:00 80000026-0002-f600-b63f-84710c7967bb [INF] Generating Vary header. (c1174e38)
2023-12-04T08:45:29.9189841-03:00 80000026-0002-f600-b63f-84710c7967bb [INF] Vary header generated: Accept, Accept-Language, Accept-Encoding. (e081213a)
2023-12-04T08:45:32.1313703-03:00 80000027-0002-f600-b63f-84710c7967bb [INF] Checking for conditional GET/HEAD. (7e2efcb6)
2023-12-04T08:45:32.1375176-03:00 80000027-0002-f600-b63f-84710c7967bb [INF] Not valid - method isn't GET or HEAD. (0be1d475)
2023-12-04T08:45:32.1434748-03:00 80000027-0002-f600-b63f-84710c7967bb [INF] Don't generate 304 - Not Modified.  Continue. (b6a7d473)
2023-12-04T08:45:32.1488483-03:00 80000027-0002-f600-b63f-84710c7967bb [INF] Checking for conditional PUT/PATCH. (bf3cf9be)
2023-12-04T08:45:32.1565119-03:00 80000027-0002-f600-b63f-84710c7967bb [INF] Not valid - method isn't PUT or PATCH. (671cb4f2)
2023-12-04T08:45:32.1616630-03:00 80000027-0002-f600-b63f-84710c7967bb [INF] Don't generate 412 - Precondition Failed.  Continue. (08bc4a18)
2023-12-04T08:45:32.2978857-03:00 80000027-0002-f600-b63f-84710c7967bb [DBG] INSERT INTO [dbo].[TADS_QRCODE] ([COD], [DES], [CMD], [FRM], [LBL], [COR], [ETAPA], [QRCODE], [QRCODE2])  VALUES ('78', 'fdszfgsd', '12', '1212', '1212', '12121', '1212', 'ASPNETMaker2023.Models.TADS_QRCODE_02+SqlBinaryParameter', NULL);SELECT scope_identity() AS [Id] (d44bafe4)
2023-12-04T08:45:32.6125735-03:00 80000027-0002-f600-b63f-84710c7967bb [INF] Generating expiration headers. (97875003)
2023-12-04T08:45:32.6215364-03:00 80000027-0002-f600-b63f-84710c7967bb [INF] Expiration headers generated. Expires: Mon, 04 Dec 2023 11:45:32 GMT. Cache-Control: private,max-age=0,no-store,no-cache,must-revalidate. (9c587475)
2023-12-04T08:45:32.6272322-03:00 80000027-0002-f600-b63f-84710c7967bb [INF] Generating Validation headers. (20c08f55)
2023-12-04T08:45:32.6340488-03:00 80000027-0002-f600-b63f-84710c7967bb [INF] Validation headers generated. ETag: Strong, "6526E600AB63A3B169E3F2551216BEC3". Last-Modified: Mon, 04 Dec 2023 11:45:32 GMT (64025f3a)
2023-12-04T08:45:32.6403136-03:00 80000027-0002-f600-b63f-84710c7967bb [INF] Generating Vary header. (c1174e38)
2023-12-04T08:45:32.6465148-03:00 80000027-0002-f600-b63f-84710c7967bb [INF] Vary header generated: Accept, Accept-Language, Accept-Encoding. (e081213a)
2023-12-04T08:45:32.8107359-03:00 80000028-0002-f600-b63f-84710c7967bb [INF] Checking for conditional GET/HEAD. (7e2efcb6)
2023-12-04T08:45:32.8272432-03:00 80000028-0002-f600-b63f-84710c7967bb [INF] Not valid - no If-None-Match or If-Modified-Since headers. (00e43d04)
2023-12-04T08:45:32.8332303-03:00 80000028-0002-f600-b63f-84710c7967bb [INF] Don't generate 304 - Not Modified.  Continue. (b6a7d473)
2023-12-04T08:45:32.8393650-03:00 80000028-0002-f600-b63f-84710c7967bb [INF] Checking for conditional PUT/PATCH. (bf3cf9be)
2023-12-04T08:45:32.8451920-03:00 80000028-0002-f600-b63f-84710c7967bb [INF] Not valid - method isn't PUT or PATCH. (671cb4f2)
2023-12-04T08:45:32.8520417-03:00 80000028-0002-f600-b63f-84710c7967bb [INF] Don't generate 412 - Precondition Failed.  Continue. (08bc4a18)
2023-12-04T08:45:32.8746854-03:00 80000028-0002-f600-b63f-84710c7967bb [INF] Generating expiration headers. (97875003)
2023-12-04T08:45:32.8810531-03:00 80000028-0002-f600-b63f-84710c7967bb [INF] Expiration headers generated. Expires: Mon, 04 Dec 2023 11:45:32 GMT. Cache-Control: private,max-age=0,no-store,no-cache,must-revalidate. (9c587475)
2023-12-04T08:45:32.8869695-03:00 80000028-0002-f600-b63f-84710c7967bb [INF] Generating Validation headers. (20c08f55)
2023-12-04T08:45:32.8920061-03:00 80000028-0002-f600-b63f-84710c7967bb [INF] Validation headers generated. ETag: Strong, "A9A05ADDC931F4EB2619F81747BDFFCC". Last-Modified: Mon, 04 Dec 2023 11:45:32 GMT (cc8b512c)
2023-12-04T08:45:32.9063341-03:00 80000028-0002-f600-b63f-84710c7967bb [INF] Generating Vary header. (c1174e38)
2023-12-04T08:45:32.9735614-03:00 80000028-0002-f600-b63f-84710c7967bb [INF] Vary header generated: Accept, Accept-Language, Accept-Encoding. (e081213a)
2023-12-04T08:45:50.0492690-03:00 80000029-0002-f600-b63f-84710c7967bb [INF] Checking for conditional GET/HEAD. (7e2efcb6)
2023-12-04T08:45:50.0556967-03:00 80000029-0002-f600-b63f-84710c7967bb [INF] Not valid - no If-None-Match or If-Modified-Since headers. (00e43d04)
2023-12-04T08:45:50.0596291-03:00 80000029-0002-f600-b63f-84710c7967bb [INF] Don't generate 304 - Not Modified.  Continue. (b6a7d473)
2023-12-04T08:45:50.0642292-03:00 80000029-0002-f600-b63f-84710c7967bb [INF] Checking for conditional PUT/PATCH. (bf3cf9be)
2023-12-04T08:45:50.0769694-03:00 80000029-0002-f600-b63f-84710c7967bb [INF] Not valid - method isn't PUT or PATCH. (671cb4f2)
2023-12-04T08:45:50.0884863-03:00 80000029-0002-f600-b63f-84710c7967bb [INF] Don't generate 412 - Precondition Failed.  Continue. (08bc4a18)
2023-12-04T08:45:50.6345797-03:00 80000029-0002-f600-b63f-84710c7967bb [INF] Generating expiration headers. (97875003)
2023-12-04T08:45:50.6483503-03:00 80000029-0002-f600-b63f-84710c7967bb [INF] Expiration headers generated. Expires: Mon, 04 Dec 2023 11:45:50 GMT. Cache-Control: private,max-age=0,no-store,no-cache,must-revalidate. (cd14bf0a)
2023-12-04T08:45:50.6548110-03:00 80000029-0002-f600-b63f-84710c7967bb [INF] Generating Validation headers. (20c08f55)
2023-12-04T08:45:50.6593539-03:00 80000029-0002-f600-b63f-84710c7967bb [INF] Validation headers generated. ETag: Strong, "B778038D740FA814FC2C9A85A5D55263". Last-Modified: Mon, 04 Dec 2023 11:45:50 GMT (769a1af0)
2023-12-04T08:45:50.6638075-03:00 80000029-0002-f600-b63f-84710c7967bb [INF] Generating Vary header. (c1174e38)
2023-12-04T08:45:50.6687473-03:00 80000029-0002-f600-b63f-84710c7967bb [INF] Vary header generated: Accept, Accept-Language, Accept-Encoding. (e081213a)
2023-12-04T08:46:10.9943918-03:00 8000002a-0002-f600-b63f-84710c7967bb [INF] Checking for conditional GET/HEAD. (7e2efcb6)
2023-12-04T08:46:11.0030681-03:00 8000002a-0002-f600-b63f-84710c7967bb [INF] Not valid - method isn't GET or HEAD. (0be1d475)
2023-12-04T08:46:11.0129006-03:00 8000002a-0002-f600-b63f-84710c7967bb [INF] Don't generate 304 - Not Modified.  Continue. (b6a7d473)
2023-12-04T08:46:11.0214391-03:00 8000002a-0002-f600-b63f-84710c7967bb [INF] Checking for conditional PUT/PATCH. (bf3cf9be)
2023-12-04T08:46:11.0342242-03:00 8000002a-0002-f600-b63f-84710c7967bb [INF] Not valid - method isn't PUT or PATCH. (671cb4f2)
2023-12-04T08:46:11.0380558-03:00 8000002a-0002-f600-b63f-84710c7967bb [INF] Don't generate 412 - Precondition Failed.  Continue. (08bc4a18)
2023-12-04T08:46:12.2416906-03:00 8000002a-0002-f600-b63f-84710c7967bb [INF] Generating expiration headers. (97875003)
2023-12-04T08:46:12.2463503-03:00 8000002a-0002-f600-b63f-84710c7967bb [INF] Expiration headers generated. Expires: Mon, 04 Dec 2023 11:46:12 GMT. Cache-Control: private,max-age=0,no-store,no-cache,must-revalidate. (1752c838)
2023-12-04T08:46:12.2498657-03:00 8000002a-0002-f600-b63f-84710c7967bb [INF] Generating Validation headers. (20c08f55)
2023-12-04T08:46:12.2538140-03:00 8000002a-0002-f600-b63f-84710c7967bb [INF] Validation headers generated. ETag: Strong, "E3035F50131D3E06947CC022B0EFCFA6". Last-Modified: Mon, 04 Dec 2023 11:46:12 GMT (40527192)
2023-12-04T08:46:12.2600766-03:00 8000002a-0002-f600-b63f-84710c7967bb [INF] Generating Vary header. (c1174e38)
2023-12-04T08:46:12.2657518-03:00 8000002a-0002-f600-b63f-84710c7967bb [INF] Vary header generated: Accept, Accept-Language, Accept-Encoding. (e081213a)
2023-12-04T08:46:13.5546922-03:00 8000002b-0002-f600-b63f-84710c7967bb [INF] Checking for conditional GET/HEAD. (7e2efcb6)
2023-12-04T08:46:13.5608215-03:00 8000002b-0002-f600-b63f-84710c7967bb [INF] Not valid - method isn't GET or HEAD. (0be1d475)
2023-12-04T08:46:13.5650301-03:00 8000002b-0002-f600-b63f-84710c7967bb [INF] Don't generate 304 - Not Modified.  Continue. (b6a7d473)
2023-12-04T08:46:13.5685615-03:00 8000002b-0002-f600-b63f-84710c7967bb [INF] Checking for conditional PUT/PATCH. (bf3cf9be)
2023-12-04T08:46:13.5735220-03:00 8000002b-0002-f600-b63f-84710c7967bb [INF] Not valid - method isn't PUT or PATCH. (671cb4f2)
2023-12-04T08:46:13.5782923-03:00 8000002b-0002-f600-b63f-84710c7967bb [INF] Don't generate 412 - Precondition Failed.  Continue. (08bc4a18)
2023-12-04T08:46:13.6561238-03:00 8000002b-0002-f600-b63f-84710c7967bb [INF] Generating expiration headers. (97875003)
2023-12-04T08:46:13.6735888-03:00 8000002b-0002-f600-b63f-84710c7967bb [INF] Expiration headers generated. Expires: Mon, 04 Dec 2023 11:46:13 GMT. Cache-Control: private,max-age=0,no-store,no-cache,must-revalidate. (04b2104c)
2023-12-04T08:46:13.6805110-03:00 8000002b-0002-f600-b63f-84710c7967bb [INF] Generating Validation headers. (20c08f55)
2023-12-04T08:46:13.6915273-03:00 8000002b-0002-f600-b63f-84710c7967bb [INF] Validation headers generated. ETag: Strong, "299C4078A1F238A6CE5282C2044AE97E". Last-Modified: Mon, 04 Dec 2023 11:46:13 GMT (2c790fd1)
2023-12-04T08:46:13.6962291-03:00 8000002b-0002-f600-b63f-84710c7967bb [INF] Generating Vary header. (c1174e38)
2023-12-04T08:46:13.7007760-03:00 8000002b-0002-f600-b63f-84710c7967bb [INF] Vary header generated: Accept, Accept-Language, Accept-Encoding. (e081213a)
2023-12-04T08:46:13.8201556-03:00 8000002c-0002-f600-b63f-84710c7967bb [INF] Checking for conditional GET/HEAD. (7e2efcb6)
2023-12-04T08:46:13.8582713-03:00 8000002c-0002-f600-b63f-84710c7967bb [INF] Not valid - no If-None-Match or If-Modified-Since headers. (00e43d04)
2023-12-04T08:46:13.8685466-03:00 8000002c-0002-f600-b63f-84710c7967bb [INF] Don't generate 304 - Not Modified.  Continue. (b6a7d473)
2023-12-04T08:46:13.8763510-03:00 8000002c-0002-f600-b63f-84710c7967bb [INF] Checking for conditional PUT/PATCH. (bf3cf9be)
2023-12-04T08:46:14.0021458-03:00 8000002c-0002-f600-b63f-84710c7967bb [INF] Not valid - method isn't PUT or PATCH. (671cb4f2)
2023-12-04T08:46:14.0143955-03:00 8000002c-0002-f600-b63f-84710c7967bb [INF] Don't generate 412 - Precondition Failed.  Continue. (08bc4a18)
2023-12-04T08:46:14.0864465-03:00 8000002c-0002-f600-b63f-84710c7967bb [INF] Generating expiration headers. (97875003)
2023-12-04T08:46:14.2774316-03:00 8000002c-0002-f600-b63f-84710c7967bb [INF] Expiration headers generated. Expires: Mon, 04 Dec 2023 11:46:14 GMT. Cache-Control: private,max-age=0,no-store,no-cache,must-revalidate. (de450681)
2023-12-04T08:46:14.2847688-03:00 8000002c-0002-f600-b63f-84710c7967bb [INF] Generating Validation headers. (20c08f55)
2023-12-04T08:46:14.2924105-03:00 8000002c-0002-f600-b63f-84710c7967bb [INF] Validation headers generated. ETag: Strong, "A9A05ADDC931F4EB2619F81747BDFFCC". Last-Modified: Mon, 04 Dec 2023 11:46:14 GMT (a69bb030)
2023-12-04T08:46:14.3075591-03:00 8000002c-0002-f600-b63f-84710c7967bb [INF] Generating Vary header. (c1174e38)
2023-12-04T08:46:14.3137557-03:00 8000002c-0002-f600-b63f-84710c7967bb [INF] Vary header generated: Accept, Accept-Language, Accept-Encoding. (e081213a)
2023-12-04T08:46:16.4204431-03:00 8000002d-0002-f600-b63f-84710c7967bb [INF] Checking for conditional GET/HEAD. (7e2efcb6)
2023-12-04T08:46:16.4285580-03:00 8000002d-0002-f600-b63f-84710c7967bb [INF] Not valid - method isn't GET or HEAD. (0be1d475)
2023-12-04T08:46:16.4414243-03:00 8000002d-0002-f600-b63f-84710c7967bb [INF] Don't generate 304 - Not Modified.  Continue. (b6a7d473)
2023-12-04T08:46:16.4477487-03:00 8000002d-0002-f600-b63f-84710c7967bb [INF] Checking for conditional PUT/PATCH. (bf3cf9be)
2023-12-04T08:46:16.4585819-03:00 8000002d-0002-f600-b63f-84710c7967bb [INF] Not valid - method isn't PUT or PATCH. (671cb4f2)
2023-12-04T08:46:16.4637926-03:00 8000002d-0002-f600-b63f-84710c7967bb [INF] Don't generate 412 - Precondition Failed.  Continue. (08bc4a18)
2023-12-04T08:46:16.6669147-03:00 8000002d-0002-f600-b63f-84710c7967bb [DBG] INSERT INTO [dbo].[TADS_QRCODE] ([COD], [DES], [CMD], [FRM], [LBL], [COR], [ETAPA], [QRCODE], [QRCODE2])  VALUES ('2323', '2323', '2323', '2323', '232', '2323', '232', 'ASPNETMaker2023.Models.TADS_QRCODE_02+SqlBinaryParameter', NULL);SELECT scope_identity() AS [Id] (294314e5)
2023-12-04T08:46:16.8959661-03:00 8000002d-0002-f600-b63f-84710c7967bb [INF] Generating expiration headers. (97875003)
2023-12-04T08:46:16.9030621-03:00 8000002d-0002-f600-b63f-84710c7967bb [INF] Expiration headers generated. Expires: Mon, 04 Dec 2023 11:46:16 GMT. Cache-Control: private,max-age=0,no-store,no-cache,must-revalidate. (450a27e0)
2023-12-04T08:46:16.9104842-03:00 8000002d-0002-f600-b63f-84710c7967bb [INF] Generating Validation headers. (20c08f55)
2023-12-04T08:46:16.9191576-03:00 8000002d-0002-f600-b63f-84710c7967bb [INF] Validation headers generated. ETag: Strong, "E17FD67E9798920D5BF3EB5F4A06338D". Last-Modified: Mon, 04 Dec 2023 11:46:16 GMT (39e7d538)
2023-12-04T08:46:16.9259926-03:00 8000002d-0002-f600-b63f-84710c7967bb [INF] Generating Vary header. (c1174e38)
2023-12-04T08:46:16.9374616-03:00 8000002d-0002-f600-b63f-84710c7967bb [INF] Vary header generated: Accept, Accept-Language, Accept-Encoding. (e081213a)
2023-12-04T08:46:17.1466175-03:00 8000002e-0002-f600-b63f-84710c7967bb [INF] Checking for conditional GET/HEAD. (7e2efcb6)
2023-12-04T08:46:17.1597577-03:00 8000002e-0002-f600-b63f-84710c7967bb [INF] Not valid - no If-None-Match or If-Modified-Since headers. (00e43d04)
2023-12-04T08:46:17.1660608-03:00 8000002e-0002-f600-b63f-84710c7967bb [INF] Don't generate 304 - Not Modified.  Continue. (b6a7d473)
2023-12-04T08:46:17.1754423-03:00 8000002e-0002-f600-b63f-84710c7967bb [INF] Checking for conditional PUT/PATCH. (bf3cf9be)
2023-12-04T08:46:17.1814689-03:00 8000002e-0002-f600-b63f-84710c7967bb [INF] Not valid - method isn't PUT or PATCH. (671cb4f2)
2023-12-04T08:46:17.1916304-03:00 8000002e-0002-f600-b63f-84710c7967bb [INF] Don't generate 412 - Precondition Failed.  Continue. (08bc4a18)
2023-12-04T08:46:17.2337790-03:00 8000002e-0002-f600-b63f-84710c7967bb [INF] Generating expiration headers. (97875003)
2023-12-04T08:46:17.2631514-03:00 8000002e-0002-f600-b63f-84710c7967bb [INF] Expiration headers generated. Expires: Mon, 04 Dec 2023 11:46:17 GMT. Cache-Control: private,max-age=0,no-store,no-cache,must-revalidate. (3f88f473)
2023-12-04T08:46:17.3009179-03:00 8000002e-0002-f600-b63f-84710c7967bb [INF] Generating Validation headers. (20c08f55)
2023-12-04T08:46:17.3113191-03:00 8000002e-0002-f600-b63f-84710c7967bb [INF] Validation headers generated. ETag: Strong, "A9A05ADDC931F4EB2619F81747BDFFCC". Last-Modified: Mon, 04 Dec 2023 11:46:17 GMT (67704421)
2023-12-04T08:46:17.3227207-03:00 8000002e-0002-f600-b63f-84710c7967bb [INF] Generating Vary header. (c1174e38)
2023-12-04T08:46:17.3289804-03:00 8000002e-0002-f600-b63f-84710c7967bb [INF] Vary header generated: Accept, Accept-Language, Accept-Encoding. (e081213a)
2023-12-04T08:46:33.0926124-03:00 8000002f-0002-f600-b63f-84710c7967bb [INF] Checking for conditional GET/HEAD. (7e2efcb6)
2023-12-04T08:46:33.0978869-03:00 8000002f-0002-f600-b63f-84710c7967bb [INF] Not valid - no If-None-Match or If-Modified-Since headers. (00e43d04)
2023-12-04T08:46:33.1032014-03:00 8000002f-0002-f600-b63f-84710c7967bb [INF] Don't generate 304 - Not Modified.  Continue. (b6a7d473)
2023-12-04T08:46:33.1077189-03:00 8000002f-0002-f600-b63f-84710c7967bb [INF] Checking for conditional PUT/PATCH. (bf3cf9be)
2023-12-04T08:46:33.1129164-03:00 8000002f-0002-f600-b63f-84710c7967bb [INF] Not valid - method isn't PUT or PATCH. (671cb4f2)
2023-12-04T08:46:33.1187314-03:00 8000002f-0002-f600-b63f-84710c7967bb [INF] Don't generate 412 - Precondition Failed.  Continue. (08bc4a18)
2023-12-04T08:46:33.6597069-03:00 8000002f-0002-f600-b63f-84710c7967bb [INF] Generating expiration headers. (97875003)
2023-12-04T08:46:33.6645700-03:00 8000002f-0002-f600-b63f-84710c7967bb [INF] Expiration headers generated. Expires: Mon, 04 Dec 2023 11:46:33 GMT. Cache-Control: private,max-age=0,no-store,no-cache,must-revalidate. (cc6d67b9)
2023-12-04T08:46:33.6708592-03:00 8000002f-0002-f600-b63f-84710c7967bb [INF] Generating Validation headers. (20c08f55)
2023-12-04T08:46:33.6774355-03:00 8000002f-0002-f600-b63f-84710c7967bb [INF] Validation headers generated. ETag: Strong, "FBF4F407653A9121A9C385001EDEEE14". Last-Modified: Mon, 04 Dec 2023 11:46:33 GMT (461e0dbb)
2023-12-04T08:46:33.6838345-03:00 8000002f-0002-f600-b63f-84710c7967bb [INF] Generating Vary header. (c1174e38)
2023-12-04T08:46:33.6892722-03:00 8000002f-0002-f600-b63f-84710c7967bb [INF] Vary header generated: Accept, Accept-Language, Accept-Encoding. (e081213a)
2023-12-04T08:46:52.9520691-03:00 80000030-0002-f600-b63f-84710c7967bb [INF] Checking for conditional GET/HEAD. (7e2efcb6)
2023-12-04T08:46:52.9559556-03:00 80000030-0002-f600-b63f-84710c7967bb [INF] Not valid - method isn't GET or HEAD. (0be1d475)
2023-12-04T08:46:52.9598093-03:00 80000030-0002-f600-b63f-84710c7967bb [INF] Don't generate 304 - Not Modified.  Continue. (b6a7d473)
2023-12-04T08:46:52.9665654-03:00 80000030-0002-f600-b63f-84710c7967bb [INF] Checking for conditional PUT/PATCH. (bf3cf9be)
2023-12-04T08:46:52.9714864-03:00 80000030-0002-f600-b63f-84710c7967bb [INF] Not valid - method isn't PUT or PATCH. (671cb4f2)
2023-12-04T08:46:52.9748561-03:00 80000030-0002-f600-b63f-84710c7967bb [INF] Don't generate 412 - Precondition Failed.  Continue. (08bc4a18)
2023-12-04T08:46:53.0889635-03:00 80000030-0002-f600-b63f-84710c7967bb [INF] Generating expiration headers. (97875003)
2023-12-04T08:46:53.0928415-03:00 80000030-0002-f600-b63f-84710c7967bb [INF] Expiration headers generated. Expires: Mon, 04 Dec 2023 11:46:53 GMT. Cache-Control: private,max-age=0,no-store,no-cache,must-revalidate. (ca7a21da)
2023-12-04T08:46:53.0998323-03:00 80000030-0002-f600-b63f-84710c7967bb [INF] Generating Validation headers. (20c08f55)
2023-12-04T08:46:53.1047848-03:00 80000030-0002-f600-b63f-84710c7967bb [INF] Validation headers generated. ETag: Strong, "50F2C7950532A7E645A8BE8B221319B1". Last-Modified: Mon, 04 Dec 2023 11:46:53 GMT (3697e72e)
2023-12-04T08:46:53.1084046-03:00 80000030-0002-f600-b63f-84710c7967bb [INF] Generating Vary header. (c1174e38)
2023-12-04T08:46:53.1212035-03:00 80000030-0002-f600-b63f-84710c7967bb [INF] Vary header generated: Accept, Accept-Language, Accept-Encoding. (e081213a)
2023-12-04T08:46:56.9381301-03:00 80000031-0002-f600-b63f-84710c7967bb [INF] Checking for conditional GET/HEAD. (7e2efcb6)
2023-12-04T08:46:56.9441288-03:00 80000031-0002-f600-b63f-84710c7967bb [INF] Not valid - method isn't GET or HEAD. (0be1d475)
2023-12-04T08:46:56.9483864-03:00 80000031-0002-f600-b63f-84710c7967bb [INF] Don't generate 304 - Not Modified.  Continue. (b6a7d473)
2023-12-04T08:46:56.9544717-03:00 80000031-0002-f600-b63f-84710c7967bb [INF] Checking for conditional PUT/PATCH. (bf3cf9be)
2023-12-04T08:46:56.9591783-03:00 80000031-0002-f600-b63f-84710c7967bb [INF] Not valid - method isn't PUT or PATCH. (671cb4f2)
2023-12-04T08:46:56.9636781-03:00 80000031-0002-f600-b63f-84710c7967bb [INF] Don't generate 412 - Precondition Failed.  Continue. (08bc4a18)
2023-12-04T08:46:57.0359281-03:00 80000031-0002-f600-b63f-84710c7967bb [DBG] INSERT INTO [dbo].[TADS_QRCODE] ([COD], [DES], [CMD], [FRM], [LBL], [COR], [ETAPA], [QRCODE], [QRCODE2])  VALUES ('3434', 'ghdfghdd', '4345', '4545', '454', '4545', '4545', 'ASPNETMaker2023.Models.TADS_QRCODE_02+SqlBinaryParameter', NULL);SELECT scope_identity() AS [Id] (386e9f30)
2023-12-04T08:46:57.2691019-03:00 80000031-0002-f600-b63f-84710c7967bb [INF] Generating expiration headers. (97875003)
2023-12-04T08:46:57.2736095-03:00 80000031-0002-f600-b63f-84710c7967bb [INF] Expiration headers generated. Expires: Mon, 04 Dec 2023 11:46:57 GMT. Cache-Control: private,max-age=0,no-store,no-cache,must-revalidate. (282d99ff)
2023-12-04T08:46:57.2775756-03:00 80000031-0002-f600-b63f-84710c7967bb [INF] Generating Validation headers. (20c08f55)
2023-12-04T08:46:57.2821928-03:00 80000031-0002-f600-b63f-84710c7967bb [INF] Validation headers generated. ETag: Strong, "E03B92591CA206BFBFBFBD858F8F0892". Last-Modified: Mon, 04 Dec 2023 11:46:57 GMT (14c99082)
2023-12-04T08:46:57.2867712-03:00 80000031-0002-f600-b63f-84710c7967bb [INF] Generating Vary header. (c1174e38)
2023-12-04T08:46:57.2921877-03:00 80000031-0002-f600-b63f-84710c7967bb [INF] Vary header generated: Accept, Accept-Language, Accept-Encoding. (e081213a)
2023-12-04T08:46:57.3347157-03:00 80000032-0002-f600-b63f-84710c7967bb [INF] Checking for conditional GET/HEAD. (7e2efcb6)
2023-12-04T08:46:57.3395358-03:00 80000032-0002-f600-b63f-84710c7967bb [INF] Not valid - no If-None-Match or If-Modified-Since headers. (00e43d04)
2023-12-04T08:46:57.3437968-03:00 80000032-0002-f600-b63f-84710c7967bb [INF] Don't generate 304 - Not Modified.  Continue. (b6a7d473)
2023-12-04T08:46:57.3485247-03:00 80000032-0002-f600-b63f-84710c7967bb [INF] Checking for conditional PUT/PATCH. (bf3cf9be)
2023-12-04T08:46:57.3523977-03:00 80000032-0002-f600-b63f-84710c7967bb [INF] Not valid - method isn't PUT or PATCH. (671cb4f2)
2023-12-04T08:46:57.3564216-03:00 80000032-0002-f600-b63f-84710c7967bb [INF] Don't generate 412 - Precondition Failed.  Continue. (08bc4a18)
2023-12-04T08:46:58.6533587-03:00 80000032-0002-f600-b63f-84710c7967bb [INF] Generating expiration headers. (97875003)
2023-12-04T08:46:58.6593231-03:00 80000032-0002-f600-b63f-84710c7967bb [INF] Expiration headers generated. Expires: Mon, 04 Dec 2023 11:46:58 GMT. Cache-Control: private,max-age=0,no-store,no-cache,must-revalidate. (2ee02bf0)
2023-12-04T08:46:58.6634726-03:00 80000032-0002-f600-b63f-84710c7967bb [INF] Generating Validation headers. (20c08f55)
2023-12-04T08:46:58.6685010-03:00 80000032-0002-f600-b63f-84710c7967bb [INF] Validation headers generated. ETag: Strong, "A0A1C0FC24FF67DA47334D8361B2DE4B". Last-Modified: Mon, 04 Dec 2023 11:46:58 GMT (3212da01)
2023-12-04T08:46:58.6735457-03:00 80000032-0002-f600-b63f-84710c7967bb [INF] Generating Vary header. (c1174e38)
2023-12-04T08:46:58.6783555-03:00 80000032-0002-f600-b63f-84710c7967bb [INF] Vary header generated: Accept, Accept-Language, Accept-Encoding. (e081213a)
